<?xml version="1.0" encoding="UTF-8"?>
<coverage generated="1758385116825" clover="3.2.0">
  <project timestamp="1758385116825" name="All files">
    <metrics statements="16" coveredstatements="16" conditionals="20" coveredconditionals="20" methods="1" coveredmethods="1" elements="37" coveredelements="37" complexity="0" loc="16" ncloc="16" packages="1" files="1" classes="1"/>
    <file name="validacion.jsx" path="C:\Users\carla\Documents\Universidad\Decimo ciclo\Aseguramiento de la Calidad De Software\trabajoclase\equivalencia\src\domain\validacion.jsx">
      <metrics statements="16" coveredstatements="16" conditionals="20" coveredconditionals="20" methods="1" coveredmethods="1"/>
      <line num="4" count="14" type="stmt"/>
      <line num="7" count="14" type="cond" truecount="2" falsecount="0"/>
      <line num="8" count="1" type="stmt"/>
      <line num="10" count="13" type="cond" truecount="2" falsecount="0"/>
      <line num="11" count="13" type="cond" truecount="2" falsecount="0"/>
      <line num="15" count="14" type="cond" truecount="2" falsecount="0"/>
      <line num="16" count="1" type="stmt"/>
      <line num="18" count="13" type="cond" truecount="2" falsecount="0"/>
      <line num="19" count="13" type="cond" truecount="2" falsecount="0"/>
      <line num="23" count="14" type="cond" truecount="2" falsecount="0"/>
      <line num="24" count="1" type="stmt"/>
      <line num="26" count="13" type="cond" truecount="2" falsecount="0"/>
      <line num="27" count="13" type="cond" truecount="2" falsecount="0"/>
      <line num="28" count="13" type="cond" truecount="2" falsecount="0"/>
      <line num="31" count="14" type="stmt"/>
      <line num="34" count="1" type="stmt"/>
    </file>
  </project>
</coverage>
