{"C:\\Users\\carla\\Documents\\Universidad\\Decimo ciclo\\Aseguramiento de la Calidad De Software\\trabajoclase\\equivalencia\\src\\domain\\validacion.jsx": {"path":"C:\\Users\\carla\\Documents\\Universidad\\Decimo ciclo\\Aseguramiento de la Calidad De Software\\trabajoclase\\equivalencia\\src\\domain\\validacion.jsx","statementMap":{"0":{"start":{"line":4,"column":17},"end":{"line":4,"column":19}},"1":{"start":{"line":7,"column":2},"end":{"line":12,"column":3}},"2":{"start":{"line":8,"column":4},"end":{"line":8,"column":47}},"3":{"start":{"line":10,"column":4},"end":{"line":10,"column":54}},"4":{"start":{"line":10,"column":18},"end":{"line":10,"column":54}},"5":{"start":{"line":11,"column":4},"end":{"line":11,"column":54}},"6":{"start":{"line":11,"column":18},"end":{"line":11,"column":54}},"7":{"start":{"line":15,"column":2},"end":{"line":20,"column":3}},"8":{"start":{"line":16,"column":4},"end":{"line":16,"column":56}},"9":{"start":{"line":18,"column":4},"end":{"line":18,"column":90}},"10":{"start":{"line":18,"column":29},"end":{"line":18,"column":90}},"11":{"start":{"line":19,"column":4},"end":{"line":19,"column":92}},"12":{"start":{"line":19,"column":30},"end":{"line":19,"column":92}},"13":{"start":{"line":23,"column":2},"end":{"line":29,"column":3}},"14":{"start":{"line":24,"column":4},"end":{"line":24,"column":49}},"15":{"start":{"line":26,"column":4},"end":{"line":26,"column":83}},"16":{"start":{"line":26,"column":29},"end":{"line":26,"column":83}},"17":{"start":{"line":27,"column":4},"end":{"line":27,"column":85}},"18":{"start":{"line":27,"column":30},"end":{"line":27,"column":85}},"19":{"start":{"line":28,"column":4},"end":{"line":28,"column":93}},"20":{"start":{"line":28,"column":30},"end":{"line":28,"column":93}},"21":{"start":{"line":31,"column":2},"end":{"line":31,"column":48}},"22":{"start":{"line":34,"column":0},"end":{"line":34,"column":32}}},"fnMap":{"0":{"name":"validacion","decl":{"start":{"line":3,"column":9},"end":{"line":3,"column":19}},"loc":{"start":{"line":3,"column":45},"end":{"line":32,"column":1}},"line":3}},"branchMap":{"0":{"loc":{"start":{"line":7,"column":2},"end":{"line":12,"column":3}},"type":"if","locations":[{"start":{"line":7,"column":2},"end":{"line":12,"column":3}},{"start":{"line":9,"column":9},"end":{"line":12,"column":3}}],"line":7},"1":{"loc":{"start":{"line":10,"column":4},"end":{"line":10,"column":54}},"type":"if","locations":[{"start":{"line":10,"column":4},"end":{"line":10,"column":54}},{"start":{},"end":{}}],"line":10},"2":{"loc":{"start":{"line":11,"column":4},"end":{"line":11,"column":54}},"type":"if","locations":[{"start":{"line":11,"column":4},"end":{"line":11,"column":54}},{"start":{},"end":{}}],"line":11},"3":{"loc":{"start":{"line":15,"column":2},"end":{"line":20,"column":3}},"type":"if","locations":[{"start":{"line":15,"column":2},"end":{"line":20,"column":3}},{"start":{"line":17,"column":9},"end":{"line":20,"column":3}}],"line":15},"4":{"loc":{"start":{"line":18,"column":4},"end":{"line":18,"column":90}},"type":"if","locations":[{"start":{"line":18,"column":4},"end":{"line":18,"column":90}},{"start":{},"end":{}}],"line":18},"5":{"loc":{"start":{"line":19,"column":4},"end":{"line":19,"column":92}},"type":"if","locations":[{"start":{"line":19,"column":4},"end":{"line":19,"column":92}},{"start":{},"end":{}}],"line":19},"6":{"loc":{"start":{"line":23,"column":2},"end":{"line":29,"column":3}},"type":"if","locations":[{"start":{"line":23,"column":2},"end":{"line":29,"column":3}},{"start":{"line":25,"column":9},"end":{"line":29,"column":3}}],"line":23},"7":{"loc":{"start":{"line":26,"column":4},"end":{"line":26,"column":83}},"type":"if","locations":[{"start":{"line":26,"column":4},"end":{"line":26,"column":83}},{"start":{},"end":{}}],"line":26},"8":{"loc":{"start":{"line":27,"column":4},"end":{"line":27,"column":85}},"type":"if","locations":[{"start":{"line":27,"column":4},"end":{"line":27,"column":85}},{"start":{},"end":{}}],"line":27},"9":{"loc":{"start":{"line":28,"column":4},"end":{"line":28,"column":93}},"type":"if","locations":[{"start":{"line":28,"column":4},"end":{"line":28,"column":93}},{"start":{},"end":{}}],"line":28}},"s":{"0":14,"1":14,"2":1,"3":13,"4":1,"5":13,"6":1,"7":14,"8":1,"9":13,"10":1,"11":13,"12":1,"13":14,"14":1,"15":13,"16":1,"17":13,"18":1,"19":13,"20":1,"21":14,"22":1},"f":{"0":14},"b":{"0":[1,13],"1":[1,12],"2":[1,12],"3":[1,13],"4":[1,12],"5":[1,12],"6":[1,13],"7":[1,12],"8":[1,12],"9":[1,12]},"_coverageSchema":"1a1c01bbd47fc00a2c39e90264f33305004495a9","hash":"89e293c0ce645f27f89d872e85ace5d9ea5cd1da"}
}
