TN:
SF:src\domain\validacion.jsx
FN:3,validacion
FNF:1
FNH:1
FNDA:14,validacion
DA:4,14
DA:7,14
DA:8,1
DA:10,13
DA:11,13
DA:15,14
DA:16,1
DA:18,13
DA:19,13
DA:23,14
DA:24,1
DA:26,13
DA:27,13
DA:28,13
DA:31,14
DA:34,1
LF:16
LH:16
BRDA:7,0,0,1
BRDA:7,0,1,13
BRDA:10,1,0,1
BRDA:10,1,1,12
BRDA:11,2,0,1
BRDA:11,2,1,12
BRDA:15,3,0,1
BRDA:15,3,1,13
BRDA:18,4,0,1
BRDA:18,4,1,12
BRDA:19,5,0,1
BRDA:19,5,1,12
BRDA:23,6,0,1
BRDA:23,6,1,13
BRDA:26,7,0,1
BRDA:26,7,1,12
BRDA:27,8,0,1
BRDA:27,8,1,12
BRDA:28,9,0,1
BRDA:28,9,1,12
BRF:20
BRH:20
end_of_record
